[debug] [2026-03-18T00:18:23.605Z] ----------------------------------------------------------------------
[debug] [2026-03-18T00:18:23.611Z] Command:       C:\Program Files\nodejs\node.exe C:\Users\k\AppData\Roaming\npm\node_modules\firebase-tools\lib\bin\firebase.js deploy --only hosting
[debug] [2026-03-18T00:18:23.612Z] CLI Version:   15.10.1
[debug] [2026-03-18T00:18:23.612Z] Platform:      win32
[debug] [2026-03-18T00:18:23.613Z] Node Version:  v24.14.0
[debug] [2026-03-18T00:18:23.613Z] Time:          Wed Mar 18 2026 03:18:23 GMT+0300 (Türkiye Standart Saati)
[debug] [2026-03-18T00:18:23.613Z] ----------------------------------------------------------------------
[debug] 
[debug] [2026-03-18T00:18:23.619Z] >>> [apiv2][query] GET https://firebase-public.firebaseio.com/cli.json [none]
[debug] [2026-03-18T00:18:27.698Z] Object "/apphosting" in "firebase.json" is missing required property: {"missingProperty":"backendId"}
[debug] [2026-03-18T00:18:27.698Z] Field "/apphosting" in "firebase.json" is possibly invalid: must be array
[debug] [2026-03-18T00:18:27.698Z] Field "/apphosting" in "firebase.json" is possibly invalid: must match a schema in anyOf
[error] 
[error] Error: Cannot understand what targets to deploy/serve. No targets in firebase.json match '--only hosting'. If you are using PowerShell make sure you place quotes around any comma-separated lists (ex: --only "functions,firestore").
[debug] [2026-03-18T00:18:28.150Z] Error: EBUSY: resource busy or locked, unlink 'C:\Users\k\Desktop\yeni\firebase-debug.log'
    at Object.unlinkSync (node:fs:1931:11)
    at process.<anonymous> (C:\Users\k\AppData\Roaming\npm\node_modules\firebase-tools\lib\bin\cli.js:44:16)
    at process.emit (node:events:520:35)
    at process.exit (node:internal/process/per_thread:236:15)
    at Timeout._onTimeout (C:\Users\k\AppData\Roaming\npm\node_modules\firebase-tools\lib\errorOut.js:20:17)
    at listOnTimeout (node:internal/timers:605:17)
    at process.processTimers (node:internal/timers:541:7)
[error] 
[error] Error: An unexpected error has occurred.
